<?xml version="1.0" encoding="UTF-8"?>
<testsuite xmlns:xsi="http://www.w3.org/2001/XMLSchema-instance" xsi:noNamespaceSchemaLocation="https://maven.apache.org/surefire/maven-surefire-plugin/xsd/surefire-test-report-3.0.xsd" version="3.0" name="com.feistel.CifraDeFeistelTest" time="0.214" tests="4" errors="0" skipped="0" failures="0">
  <properties>
[...]
</properties>
  <testcase name="deveCriptografarEDecriptarCorretamente" classname="com.feistel.CifraDeFeistelTest" time="0.122"/>
  <testcase name="cifrasComChavesDiferentesDevemGerarResultadosDiferentes" classname="com.feistel.CifraDeFeistelTest" time="0.009"/>
  <testcase name="deveFuncionarComValorZero" classname="com.feistel.CifraDeFeistelTest" time="0.002"/>
  <testcase name="cifraNaoDeveRetornarOMesmoValor" classname="com.feistel.CifraDeFeistelTest" time="0.006"/>
</testsuite>